<?xml version="1.0" encoding="UTF-8"?>
<!-- Generated by org.testng.reporters.JUnitReportReporter -->
<testsuite hostname="DESKTOP-R8U126V" name="com.Tests.Event" tests="6" failures="0" timestamp="10 Feb 2020 13:26:24 GMT" time="5.726" errors="0">
  <testcase name="updateEventVerify" time="0.922" classname="com.Tests.Event"/>
  <testcase name="getEventByIdVerify" time="0.936" classname="com.Tests.Event"/>
  <testcase name="createEventDuplicateDataVerify" time="0.887" classname="com.Tests.Event"/>
  <testcase name="getAllEventsVerify" time="1.184" classname="com.Tests.Event"/>
  <testcase name="createEventVerify" time="0.925" classname="com.Tests.Event"/>
  <testcase name="createEventBlankDataVerify" time="0.872" classname="com.Tests.Event"/>
</testsuite> <!-- com.Tests.Event -->
