<?xml version="1.0" encoding="UTF-8"?>
<!-- Generated by org.testng.reporters.JUnitReportReporter -->
<testsuite skipped="0" hostname="DESKTOP-R8U126V" name="com.Tests.CustomVessel" tests="6" failures="0" timestamp="09 Jan 2020 13:20:39 GMT" time="16.636" errors="0">
  <testcase name="createCustomVesselFieldVerify" time="7.486" classname="com.Tests.CustomVessel"/>
  <testcase name="updateCustomVesselFieldVerify" time="3.192" classname="com.Tests.CustomVessel"/>
  <testcase name="getAllCustomVesselFieldsTrueVerify" time="1.102" classname="com.Tests.CustomVessel"/>
  <testcase name="getAllCustomVesselFieldsFalseVerify" time="1.137" classname="com.Tests.CustomVessel"/>
  <testcase name="getCustomVesselFieldVerify" time="2.741" classname="com.Tests.CustomVessel"/>
  <testcase name="updateCustomVesselFieldStatusFalseVerify" time="0.978" classname="com.Tests.CustomVessel"/>
</testsuite> <!-- com.Tests.CustomVessel -->
