<?xml version="1.0" encoding="UTF-8"?>
<!-- Generated by org.testng.reporters.JUnitReportReporter -->
<testsuite skipped="0" hostname="DESKTOP-R8U126V" name="com.Tests.FuelCategory" tests="1" failures="0" timestamp="09 Jan 2020 13:31:03 GMT" time="4.097" errors="0">
  <testcase name="createfuelcategoryDuplicateDataVerify" time="4.097" classname="com.Tests.FuelCategory"/>
</testsuite> <!-- com.Tests.FuelCategory -->
