<?xml version="1.0" encoding="UTF-8"?>
<!-- Generated by org.testng.reporters.JUnitReportReporter -->
<testsuite skipped="0" hostname="DESKTOP-R8U126V" name="com.Tests.VesselPoolType" tests="8" failures="0" timestamp="09 Jan 2020 12:59:32 GMT" time="17.308" errors="0">
  <testcase name="createVesselPoolTypeVerify" time="6.270" classname="com.Tests.VesselPoolType"/>
  <testcase name="createVesselPoolTypeDuplicateDataVerify" time="0.914" classname="com.Tests.VesselPoolType"/>
  <testcase name="updateVesselPoolTypeVerify" time="2.377" classname="com.Tests.VesselPoolType"/>
  <testcase name="getVesselPoolTypesTrueVerify" time="2.011" classname="com.Tests.VesselPoolType"/>
  <testcase name="getVesselPoolTypesFalseVerify" time="1.884" classname="com.Tests.VesselPoolType"/>
  <testcase name="getVesselPoolTypeByIdVerify" time="1.995" classname="com.Tests.VesselPoolType"/>
  <testcase name="updateVesselPoolTypeStatusFalseVerfiy" time="0.902" classname="com.Tests.VesselPoolType"/>
  <testcase name="updateVesselPoolTypeStatusTrueVerfiy" time="0.955" classname="com.Tests.VesselPoolType"/>
</testsuite> <!-- com.Tests.VesselPoolType -->
