<?xml version="1.0" encoding="UTF-8"?>
<!-- Generated by org.testng.reporters.JUnitReportReporter -->
<testsuite skipped="0" hostname="DESKTOP-R8U126V" name="com.Tests.Voyages" tests="17" failures="0" timestamp="10 Feb 2020 14:18:52 GMT" time="26.115" errors="0">
  <testcase name="createVoyageVerify" time="6.255" classname="com.Tests.Voyages"/>
  <testcase name="createVoyageBlankDataVerify" time="1.078" classname="com.Tests.Voyages"/>
  <testcase name="updateVoyageVerify" time="1.006" classname="com.Tests.Voyages"/>
  <testcase name="getVoyageByIdVerify" time="3.216" classname="com.Tests.Voyages"/>
  <testcase name="updateVoyagesStatusFalseVerify" time="1.001" classname="com.Tests.Voyages"/>
  <testcase name="updateVoyagesStatusTrueVerify" time="1.000" classname="com.Tests.Voyages"/>
  <testcase name="isInitialApprovedVerify" time="0.976" classname="com.Tests.Voyages"/>
  <testcase name="finalApproveVerify" time="1.004" classname="com.Tests.Voyages"/>
  <testcase name="getAllVoyagesByVesselVerify" time="1.625" classname="com.Tests.Voyages"/>
  <testcase name="getReportsForPassagesVerify" time="1.028" classname="com.Tests.Voyages"/>
  <testcase name="approvalAuditListVerify" time="1.096" classname="com.Tests.Voyages"/>
  <testcase name="createPositionVerify" time="1.189" classname="com.Tests.Voyages"/>
  <testcase name="createPositionBlankDataVerify" time="1.211" classname="com.Tests.Voyages"/>
  <testcase name="UpdatePositionVerify" time="1.028" classname="com.Tests.Voyages"/>
  <testcase name="UpdatePositionStatusFalseVerify" time="1.008" classname="com.Tests.Voyages"/>
  <testcase name="UpdatePositionStatusTrueVerify" time="1.235" classname="com.Tests.Voyages"/>
  <testcase name="copyPositionVerify" time="1.159" classname="com.Tests.Voyages"/>
</testsuite> <!-- com.Tests.Voyages -->
