<?xml version="1.0" encoding="UTF-8"?>
<!-- Generated by org.testng.reporters.JUnitReportReporter -->
<testsuite skipped="0" hostname="DESKTOP-R8U126V" name="com.Tests.Unitofmeasurethresold" tests="2" failures="0" timestamp="09 Jan 2020 12:58:38 GMT" time="10.887" errors="0">
  <testcase name="updateunitofmeasurethresholdVerify" time="1.047" classname="com.Tests.Unitofmeasurethresold"/>
  <testcase name="getunitofmeasurethresholdVerify" time="9.840" classname="com.Tests.Unitofmeasurethresold"/>
</testsuite> <!-- com.Tests.Unitofmeasurethresold -->
