<?xml version="1.0" encoding="UTF-8"?>
<!-- Generated by org.testng.reporters.JUnitReportReporter -->
<testsuite skipped="0" hostname="DESKTOP-R8U126V" name="com.Tests.PassageWarning" tests="4" failures="0" timestamp="10 Feb 2020 14:18:52 GMT" time="4.579" errors="0">
  <testcase name="createPassageWarningAuditVerify" time="1.529" classname="com.Tests.PassageWarning"/>
  <testcase name="createPassageWarningAuditBlankDataVerify" time="1.148" classname="com.Tests.PassageWarning"/>
  <testcase name="getPassageWarningAuditVerify" time="0.943" classname="com.Tests.PassageWarning"/>
  <testcase name="getPassageWarningVerify" time="0.959" classname="com.Tests.PassageWarning"/>
</testsuite> <!-- com.Tests.PassageWarning -->
