<?xml version="1.0" encoding="UTF-8"?>
<!-- Generated by org.testng.reporters.JUnitReportReporter -->
<testsuite skipped="0" hostname="DESKTOP-R8U126V" name="com.Tests.Fuel" tests="8" failures="0" timestamp="10 Jan 2020 11:51:54 GMT" time="28.395" errors="0">
  <testcase name="getallfuelFalseVerify" time="8.539" classname="com.Tests.Fuel"/>
  <testcase name="createfuelVerify" time="4.396" classname="com.Tests.Fuel"/>
  <testcase name="createfuelDuplicateDataVerify" time="1.173" classname="com.Tests.Fuel"/>
  <testcase name="updatefuelVerify" time="3.236" classname="com.Tests.Fuel"/>
  <testcase name="getallfuelTrueVerify" time="5.599" classname="com.Tests.Fuel"/>
  <testcase name="getfuelVerify" time="3.055" classname="com.Tests.Fuel"/>
  <testcase name="updateFuelStatusTrueVerify" time="1.092" classname="com.Tests.Fuel"/>
  <testcase name="updateFuelStatusFalseVerify" time="1.305" classname="com.Tests.Fuel"/>
</testsuite> <!-- com.Tests.Fuel -->
