<?xml version="1.0" encoding="UTF-8"?>
<!-- Generated by org.testng.reporters.JUnitReportReporter -->
<testsuite skipped="0" hostname="DESKTOP-R8U126V" name="com.Tests.VesselOwner" tests="9" failures="0" timestamp="09 Jan 2020 13:05:31 GMT" time="19.419" errors="0">
  <testcase name="createVesselOwnerVerify" time="6.167" classname="com.Tests.VesselOwner"/>
  <testcase name="createVesselOwnerDuplicateDataVerify" time="0.913" classname="com.Tests.VesselOwner"/>
  <testcase name="updateVesselOwnerVerify" time="2.859" classname="com.Tests.VesselOwner"/>
  <testcase name="updateVesselOwnerDuplicateDataVerify" time="0.949" classname="com.Tests.VesselOwner"/>
  <testcase name="getVesselOwnersFalseVerify" time="2.222" classname="com.Tests.VesselOwner"/>
  <testcase name="getVesselOwnersTrueVerify" time="2.165" classname="com.Tests.VesselOwner"/>
  <testcase name="getVesseOwnerbyIdVerify" time="1.980" classname="com.Tests.VesselOwner"/>
  <testcase name="updateVesselOwnerStatusFalseVerify" time="0.894" classname="com.Tests.VesselOwner"/>
  <testcase name="updateVesselOwnerStatusTrueVerify" time="1.270" classname="com.Tests.VesselOwner"/>
</testsuite> <!-- com.Tests.VesselOwner -->
