<?xml version="1.0" encoding="UTF-8"?>
<!-- Generated by org.testng.reporters.JUnitReportReporter -->
<testsuite skipped="0" hostname="DESKTOP-R8U126V" name="com.Tests.NOXPMFactor" tests="10" failures="0" timestamp="09 Jan 2020 13:06:28 GMT" time="15.211" errors="0">
  <testcase name="getAllConsumptionCategoryFalseVerify" time="5.016" classname="com.Tests.NOXPMFactor"/>
  <testcase name="getAllFuelCategoryFalseVerify" time="1.163" classname="com.Tests.NOXPMFactor"/>
  <testcase name="createNoxPmFactorVerify" time="1.393" classname="com.Tests.NOXPMFactor"/>
  <testcase name="createNoxPmFactorDuplicateDataVerify" time="1.123" classname="com.Tests.NOXPMFactor"/>
  <testcase name="updateNoxPmFactorVerify" time="1.079" classname="com.Tests.NOXPMFactor"/>
  <testcase name="getAllNoxPmFactorTrueVerify" time="1.226" classname="com.Tests.NOXPMFactor"/>
  <testcase name="getAllNoxPmFactorFalseVerify" time="1.245" classname="com.Tests.NOXPMFactor"/>
  <testcase name="getNoxPmFactorVerify" time="1.075" classname="com.Tests.NOXPMFactor"/>
  <testcase name="updateNoxPmFactorStatusFalseVerify" time="0.939" classname="com.Tests.NOXPMFactor"/>
  <testcase name="updateNoxPmFactorStatusTrueVerify" time="0.952" classname="com.Tests.NOXPMFactor"/>
</testsuite> <!-- com.Tests.NOXPMFactor -->
