<?xml version="1.0" encoding="UTF-8"?>
<!-- Generated by org.testng.reporters.JUnitReportReporter -->
<testsuite skipped="0" hostname="DESKTOP-R8U126V" name="com.Tests.Event" tests="6" failures="0" timestamp="10 Feb 2020 14:18:53 GMT" time="6.283" errors="0">
  <testcase name="createEventVerify" time="1.004" classname="com.Tests.Event"/>
  <testcase name="createEventDuplicateDataVerify" time="0.944" classname="com.Tests.Event"/>
  <testcase name="createEventBlankDataVerify" time="1.289" classname="com.Tests.Event"/>
  <testcase name="updateEventVerify" time="0.928" classname="com.Tests.Event"/>
  <testcase name="getEventByIdVerify" time="0.949" classname="com.Tests.Event"/>
  <testcase name="getAllEventsVerify" time="1.169" classname="com.Tests.Event"/>
</testsuite> <!-- com.Tests.Event -->
