<?xml version="1.0" encoding="UTF-8"?>
<!-- Generated by org.testng.reporters.JUnitReportReporter -->
<testsuite skipped="0" hostname="DESKTOP-R8U126V" name="com.Tests.PositionWarning" tests="4" failures="0" timestamp="10 Feb 2020 14:18:52 GMT" time="4.496" errors="0">
  <testcase name="createPositionWarningAuditVerify" time="1.592" classname="com.Tests.PositionWarning"/>
  <testcase name="createPositionWarningAuditBlankDataVerify" time="0.959" classname="com.Tests.PositionWarning"/>
  <testcase name="getPositionWarningAuditVerify" time="0.931" classname="com.Tests.PositionWarning"/>
  <testcase name="getViewOriginalEmailVerify" time="1.014" classname="com.Tests.PositionWarning"/>
</testsuite> <!-- com.Tests.PositionWarning -->
