<?xml version="1.0" encoding="UTF-8"?>
<!-- Generated by org.testng.reporters.JUnitReportReporter -->
<testsuite skipped="0" hostname="DESKTOP-R8U126V" name="com.Tests.FuelKpis" tests="9" failures="0" timestamp="09 Jan 2020 13:09:21 GMT" time="18.504" errors="0">
  <testcase name="createFuelKpiVerifiy" time="7.660" classname="com.Tests.FuelKpis"/>
  <testcase name="updateFuelKpiVerify" time="3.274" classname="com.Tests.FuelKpis"/>
  <testcase name="getAllFuelKpisTrueVerify" time="1.190" classname="com.Tests.FuelKpis"/>
  <testcase name="getAllFuelKpisFalseVerify" time="1.112" classname="com.Tests.FuelKpis"/>
  <testcase name="getFuelKpiVerify" time="1.057" classname="com.Tests.FuelKpis"/>
  <testcase name="updateFuelKpiStatusFalseVerify" time="1.220" classname="com.Tests.FuelKpis"/>
  <testcase name="getAllMachineryVerify" time="0.986" classname="com.Tests.FuelKpis"/>
  <testcase name="getAllRulesVerify" time="1.004" classname="com.Tests.FuelKpis"/>
  <testcase name="updateFuelKpiStatusTrueVerify" time="1.001" classname="com.Tests.FuelKpis"/>
</testsuite> <!-- com.Tests.FuelKpis -->
