<?xml version="1.0" encoding="UTF-8"?>
<!-- Generated by org.testng.reporters.JUnitReportReporter -->
<testsuite skipped="0" hostname="DESKTOP-R8U126V" name="com.Tests.Term" tests="39" failures="0" timestamp="09 Jan 2020 12:21:08 GMT" time="54.040" errors="0">
  <testcase name="getalltermsVerify" time="3.792" classname="com.Tests.Term"/>
  <testcase name="getallspeedVerify" time="1.098" classname="com.Tests.Term"/>
  <testcase name="getallfuelunitsVerify" time="1.353" classname="com.Tests.Term"/>
  <testcase name="getalldraftlimitVerify" time="1.096" classname="com.Tests.Term"/>
  <testcase name="getallevaluationtypeVerify" time="1.178" classname="com.Tests.Term"/>
  <testcase name="getallweathersourceVerify" time="1.076" classname="com.Tests.Term"/>
  <testcase name="getallcurrentfactorVerify" time="1.047" classname="com.Tests.Term"/>
  <testcase name="getallwindspeedunitsVerify" time="1.039" classname="com.Tests.Term"/>
  <testcase name="getallwaveheightunitsVerify" time="0.990" classname="com.Tests.Term"/>
  <testcase name="getallpassagehoursVerify" time="1.101" classname="com.Tests.Term"/>
  <testcase name="getallbaddayhoursVerify" time="1.031" classname="com.Tests.Term"/>
  <testcase name="getallvesseltypeVerify" time="1.104" classname="com.Tests.Term"/>
  <testcase name="getallfuelconsumedVerify" time="1.098" classname="com.Tests.Term"/>
  <testcase name="getallspeedconsideredVerify" time="1.116" classname="com.Tests.Term"/>
  <testcase name="getallloadconditionVerify" time="1.080" classname="com.Tests.Term"/>
  <testcase name="getAllDraftHeightUnitsVerify" time="1.093" classname="com.Tests.Term"/>
  <testcase name="createPassageTermVerify" time="2.231" classname="com.Tests.Term"/>
  <testcase name="createPassageTermDuplicateValueVerify" time="1.173" classname="com.Tests.Term"/>
  <testcase name="updatePassageTermVerify" time="1.197" classname="com.Tests.Term"/>
  <testcase name="updatePassageTermDuplicateValueVerify" time="1.050" classname="com.Tests.Term"/>
  <testcase name="getAllPassageTermsTrueVerify" time="1.825" classname="com.Tests.Term"/>
  <testcase name="getAllPassageTermsFalseVerify" time="1.323" classname="com.Tests.Term"/>
  <testcase name="getPassageTermByIdVerify" time="3.408" classname="com.Tests.Term"/>
  <testcase name="updatePassageTermStatusFalseVerify" time="1.184" classname="com.Tests.Term"/>
  <testcase name="updatePassageTermStatusTrueVerify" time="1.095" classname="com.Tests.Term"/>
  <testcase name="copyPassageTermVerify" time="1.141" classname="com.Tests.Term"/>
  <testcase name="createPoolTermVerify" time="1.162" classname="com.Tests.Term"/>
  <testcase name="createPoolTermDuplicateValueVerify" time="1.611" classname="com.Tests.Term"/>
  <testcase name="updatePoolTermVerify" time="1.116" classname="com.Tests.Term"/>
  <testcase name="updatePoolTermDuplicateValueVerify" time="1.016" classname="com.Tests.Term"/>
  <testcase name="getAllPoolTermsTrueVerify" time="2.002" classname="com.Tests.Term"/>
  <testcase name="getAllPoolTermsFalseVerify" time="1.226" classname="com.Tests.Term"/>
  <testcase name="getPoolTermByIdVerify" time="2.918" classname="com.Tests.Term"/>
  <testcase name="updatePoolTermStatusFalseVerify" time="1.110" classname="com.Tests.Term"/>
  <testcase name="updatePoolTermStatusTrueVerify" time="1.089" classname="com.Tests.Term"/>
  <testcase name="copyPoolTermVerify" time="1.265" classname="com.Tests.Term"/>
  <testcase name="copyPoolTermDuplicateValueVerify" time="1.000" classname="com.Tests.Term"/>
  <testcase name="getAllVesselDetailByTypeVerify" time="1.154" classname="com.Tests.Term"/>
  <testcase name="getTermAssignToVerify" time="1.452" classname="com.Tests.Term"/>
</testsuite> <!-- com.Tests.Term -->
