<?xml version="1.0" encoding="UTF-8"?>
<!-- Generated by org.testng.reporters.JUnitReportReporter -->
<testsuite skipped="0" hostname="DESKTOP-R8U126V" name="com.Tests.PositionKpis" tests="7" failures="0" timestamp="09 Jan 2020 13:11:45 GMT" time="17.312" errors="0">
  <testcase name="createPositionKpiVerify" time="7.229" classname="com.Tests.PositionKpis"/>
  <testcase name="updatePositionkpiVerify" time="2.789" classname="com.Tests.PositionKpis"/>
  <testcase name="getAllPositionKpisTrueVerify" time="1.316" classname="com.Tests.PositionKpis"/>
  <testcase name="getAllPositionKpisFalseVerify" time="1.196" classname="com.Tests.PositionKpis"/>
  <testcase name="getPositionKpiVerify" time="2.786" classname="com.Tests.PositionKpis"/>
  <testcase name="updatePositionKpiStatusFalseVerify" time="1.049" classname="com.Tests.PositionKpis"/>
  <testcase name="updatePositionKpiStatusTrueVerify" time="0.947" classname="com.Tests.PositionKpis"/>
</testsuite> <!-- com.Tests.PositionKpis -->
