<?xml version="1.0" encoding="UTF-8"?>
<!-- Generated by org.testng.reporters.JUnitReportReporter -->
<testsuite skipped="0" hostname="DESKTOP-R8U126V" name="com.Tests.ConsumptionCategory" tests="10" failures="0" timestamp="09 Jan 2020 13:19:34 GMT" time="22.608" errors="0">
  <testcase name="createConsumptionCategoryVerify" time="7.488" classname="com.Tests.ConsumptionCategory"/>
  <testcase name="updateConsumptionCategoryVerify" time="2.923" classname="com.Tests.ConsumptionCategory"/>
  <testcase name="getAllConsumptionCategoryTrueVerify" time="1.185" classname="com.Tests.ConsumptionCategory"/>
  <testcase name="getAllConsumptionCategoryFalseVerify" time="1.032" classname="com.Tests.ConsumptionCategory"/>
  <testcase name="getParentConsumptionCategoryVerify" time="2.596" classname="com.Tests.ConsumptionCategory"/>
  <testcase name="getConsumptionCategoryVerify" time="2.861" classname="com.Tests.ConsumptionCategory"/>
  <testcase name="updateConsumptionCategoryStatusFalseVerify" time="1.079" classname="com.Tests.ConsumptionCategory"/>
  <testcase name="updateConsumptionCategoryStatusTrueVerify" time="1.140" classname="com.Tests.ConsumptionCategory"/>
  <testcase name="getAllEngineCategoryTrueVerify" time="1.234" classname="com.Tests.ConsumptionCategory"/>
  <testcase name="getAllEngineCategoryFalseVerify" time="1.070" classname="com.Tests.ConsumptionCategory"/>
</testsuite> <!-- com.Tests.ConsumptionCategory -->
