<?xml version="1.0" encoding="UTF-8"?>
<!-- Generated by org.testng.reporters.JUnitReportReporter -->
<testsuite skipped="0" hostname="DESKTOP-R8U126V" name="com.Tests.Report" tests="1" failures="0" timestamp="11 Feb 2020 10:10:56 GMT" time="9.439" errors="0">
  <testcase name="createVoyageVerify" time="9.439" classname="com.Tests.Report"/>
</testsuite> <!-- com.Tests.Report -->
