<?xml version="1.0" encoding="UTF-8"?>
<!-- Generated by org.testng.reporters.JUnitReportReporter -->
<testsuite skipped="0" hostname="DESKTOP-R8U126V" name="com.Tests.VesselClass" tests="7" failures="0" timestamp="09 Jan 2020 13:10:30 GMT" time="16.486" errors="0">
  <testcase name="createVesselClassVerify" time="6.400" classname="com.Tests.VesselClass"/>
  <testcase name="updateVesselClassVerify" time="2.406" classname="com.Tests.VesselClass"/>
  <testcase name="getAllVesselClassTrueVerify" time="1.427" classname="com.Tests.VesselClass"/>
  <testcase name="getVesselClassVerify" time="2.160" classname="com.Tests.VesselClass"/>
  <testcase name="getAllVesselClassFalseVerify" time="1.282" classname="com.Tests.VesselClass"/>
  <testcase name="updatevesselclassStatusFalseVerify" time="1.758" classname="com.Tests.VesselClass"/>
  <testcase name="updatevesselclassStatusTrueVerify" time="1.053" classname="com.Tests.VesselClass"/>
</testsuite> <!-- com.Tests.VesselClass -->
