<?xml version="1.0" encoding="UTF-8"?>
<!-- Generated by org.testng.reporters.JUnitReportReporter -->
<testsuite skipped="0" hostname="DESKTOP-R8U126V" name="com.Tests.VesselGroup" tests="7" failures="0" timestamp="09 Jan 2020 12:51:24 GMT" time="12.364" errors="0">
  <testcase name="createvesselgroupVerify" time="4.963" classname="com.Tests.VesselGroup"/>
  <testcase name="updatevesselgroupVerify" time="1.657" classname="com.Tests.VesselGroup"/>
  <testcase name="getvessellistVerify" time="1.143" classname="com.Tests.VesselGroup"/>
  <testcase name="updateVesselgroupVerifyStatus" time="1.286" classname="com.Tests.VesselGroup"/>
  <testcase name="getallvesselgroupVerifytrue" time="1.186" classname="com.Tests.VesselGroup"/>
  <testcase name="getallvesselgroupVerifyfalse" time="1.114" classname="com.Tests.VesselGroup"/>
  <testcase name="getvesselgroupbyidVerify" time="1.015" classname="com.Tests.VesselGroup"/>
</testsuite> <!-- com.Tests.VesselGroup -->
