<?xml version="1.0" encoding="UTF-8"?>
<!-- Generated by org.testng.reporters.JUnitReportReporter -->
<testsuite skipped="0" hostname="DESKTOP-R8U126V" name="com.Tests.Vessel" tests="10" failures="0" timestamp="09 Jan 2020 12:50:35 GMT" time="15.158" errors="0">
  <testcase name="CreatevesselVerify" time="5.276" classname="com.Tests.Vessel"/>
  <testcase name="CreatevesselVerifyEmptyName" time="1.252" classname="com.Tests.Vessel"/>
  <testcase name="updatevesselVerify" time="1.067" classname="com.Tests.Vessel"/>
  <testcase name="getallvesselVerifytrue" time="1.286" classname="com.Tests.Vessel"/>
  <testcase name="getallvesselVerifyfalse" time="1.173" classname="com.Tests.Vessel"/>
  <testcase name="getvesselpooltypeVerify" time="0.984" classname="com.Tests.Vessel"/>
  <testcase name="getVesselClassListVerify" time="0.921" classname="com.Tests.Vessel"/>
  <testcase name="getvesselVerify" time="1.024" classname="com.Tests.Vessel"/>
  <testcase name="getTcTermVerify" time="0.993" classname="com.Tests.Vessel"/>
  <testcase name="getPoolTermVerify" time="1.182" classname="com.Tests.Vessel"/>
</testsuite> <!-- com.Tests.Vessel -->
