<?xml version="1.0" encoding="UTF-8"?>
<!-- Generated by org.testng.reporters.JUnitReportReporter -->
<testsuite skipped="0" hostname="DESKTOP-R8U126V" name="com.Tests.Alert" tests="4" failures="0" timestamp="09 Jan 2020 13:04:33 GMT" time="7.194" errors="0">
  <testcase name="getaAllAlertSettingsTrueVerify" time="4.194" classname="com.Tests.Alert"/>
  <testcase name="getAllAlertSettingsFalseVerify" time="0.950" classname="com.Tests.Alert"/>
  <testcase name="getAlertTypeAsPerAlertCategoryVerify" time="0.934" classname="com.Tests.Alert"/>
  <testcase name="getAllAlertTypeVerify" time="1.116" classname="com.Tests.Alert"/>
</testsuite> <!-- com.Tests.Alert -->
