<?xml version="1.0" encoding="UTF-8"?>
<!-- Generated by org.testng.reporters.JUnitReportReporter -->
<testsuite skipped="0" hostname="DESKTOP-R8U126V" name="com.Tests.Account" tests="1" failures="0" timestamp="14 Oct 2019 08:58:14 GMT" time="25.748" errors="0">
  <testcase name="forgotpasswordVerify" time="25.748" classname="com.Tests.Account"/>
</testsuite> <!-- com.Tests.Account -->
