<?xml version="1.0" encoding="UTF-8"?>
<!-- Generated by org.testng.reporters.JUnitReportReporter -->
<testsuite skipped="0" hostname="DESKTOP-R8U126V" name="com.Tests.UnitOfMeasure" tests="5" failures="0" timestamp="09 Jan 2020 13:07:16 GMT" time="10.603" errors="0">
  <testcase name="getAllUnitOfMeasureTrueVerify" time="4.899" classname="com.Tests.UnitOfMeasure"/>
  <testcase name="getAllUnitOfMeasureFalseVerify" time="2.479" classname="com.Tests.UnitOfMeasure"/>
  <testcase name="getUnitOfMeasureBytTypeVerify" time="0.955" classname="com.Tests.UnitOfMeasure"/>
  <testcase name="getAllUnitOfMeasureTypeVerify" time="1.006" classname="com.Tests.UnitOfMeasure"/>
  <testcase name="getAllUnitOfMeasureTypeLoadDataVerify" time="1.264" classname="com.Tests.UnitOfMeasure"/>
</testsuite> <!-- com.Tests.UnitOfMeasure -->
